<?xml version="1.0" encoding="UTF-8"?>
<!-- Generated by org.testng.reporters.JUnitXMLReporter -->
<testsuite ignored="0" hostname="DESKTOP-OTSD4BU" failures="0" tests="11" name="Lexnod Test" time="0.856" errors="0" timestamp="2022-05-31T13:05:28 IST">
  <testcase classname="com.lexnod.GenericLib.BaseTest" name="@BeforeClass openBrowser" time="0.318">
    <failure type="java.lang.IllegalStateException" message="The driver executable must exist: C:\Users\PRIYANKA\eclipse-workspace\lexnod\.\src\main\resources\drivers\chromedriver.exe">
      <![CDATA[java.lang.IllegalStateException: The driver executable must exist: C:\Users\PRIYANKA\eclipse-workspace\lexnod\.\src\main\resources\drivers\chromedriver.exe
at org.openqa.selenium.internal.Require$FileStateChecker.isFile(Require.java:342)
at org.openqa.selenium.remote.service.DriverService.checkExecutable(DriverService.java:147)
at org.openqa.selenium.remote.service.DriverService.findExecutable(DriverService.java:142)
at org.openqa.selenium.chrome.ChromeDriverService.access$000(ChromeDriverService.java:38)
at org.openqa.selenium.chrome.ChromeDriverService$Builder.findDefaultExecutable(ChromeDriverService.java:231)
at org.openqa.selenium.remote.service.DriverService$Builder.build(DriverService.java:437)
at org.openqa.selenium.chrome.ChromeDriverService.createDefaultService(ChromeDriverService.java:127)
at org.openqa.selenium.chrome.ChromeDriver.<init>(ChromeDriver.java:48)
at com.lexnod.GenericLib.BaseTest.openBrowser(BaseTest.java:21)
at java.base/java.util.ArrayList.forEach(ArrayList.java:1511)
... Removed 25 stack frames]]>
    </failure>
  </testcase> <!-- @BeforeClass openBrowser -->
  <testcase classname="com.lexnod.GenericLib.BaseTest" name="@AfterClass closeBrowser" time="-1.653982527639E9">
    <skipped/>
  </testcase> <!-- @AfterClass closeBrowser -->
  <testcase classname="com.lexnod.GenericLib.BaseTest" name="@BeforeClass openBrowser" time="0.018">
    <failure type="java.lang.IllegalStateException" message="The driver executable must exist: C:\Users\PRIYANKA\eclipse-workspace\lexnod\.\src\main\resources\drivers\chromedriver.exe">
      <![CDATA[java.lang.IllegalStateException: The driver executable must exist: C:\Users\PRIYANKA\eclipse-workspace\lexnod\.\src\main\resources\drivers\chromedriver.exe
at org.openqa.selenium.internal.Require$FileStateChecker.isFile(Require.java:342)
at org.openqa.selenium.remote.service.DriverService.checkExecutable(DriverService.java:147)
at org.openqa.selenium.remote.service.DriverService.findExecutable(DriverService.java:142)
at org.openqa.selenium.chrome.ChromeDriverService.access$000(ChromeDriverService.java:38)
at org.openqa.selenium.chrome.ChromeDriverService$Builder.findDefaultExecutable(ChromeDriverService.java:231)
at org.openqa.selenium.remote.service.DriverService$Builder.build(DriverService.java:437)
at org.openqa.selenium.chrome.ChromeDriverService.createDefaultService(ChromeDriverService.java:127)
at org.openqa.selenium.chrome.ChromeDriver.<init>(ChromeDriver.java:48)
at com.lexnod.GenericLib.BaseTest.openBrowser(BaseTest.java:21)
at java.base/java.util.ArrayList.forEach(ArrayList.java:1511)
... Removed 25 stack frames]]>
    </failure>
  </testcase> <!-- @BeforeClass openBrowser -->
  <testcase classname="com.lexnod.GenericLib.BaseTest" name="@AfterClass closeBrowser" time="-1.653982527683E9">
    <skipped/>
  </testcase> <!-- @AfterClass closeBrowser -->
  <testcase classname="com.lexnod.GenericLib.BaseTest" name="@BeforeClass openBrowser" time="0.014">
    <failure type="java.lang.IllegalStateException" message="The driver executable must exist: C:\Users\PRIYANKA\eclipse-workspace\lexnod\.\src\main\resources\drivers\chromedriver.exe">
      <![CDATA[java.lang.IllegalStateException: The driver executable must exist: C:\Users\PRIYANKA\eclipse-workspace\lexnod\.\src\main\resources\drivers\chromedriver.exe
at org.openqa.selenium.internal.Require$FileStateChecker.isFile(Require.java:342)
at org.openqa.selenium.remote.service.DriverService.checkExecutable(DriverService.java:147)
at org.openqa.selenium.remote.service.DriverService.findExecutable(DriverService.java:142)
at org.openqa.selenium.chrome.ChromeDriverService.access$000(ChromeDriverService.java:38)
at org.openqa.selenium.chrome.ChromeDriverService$Builder.findDefaultExecutable(ChromeDriverService.java:231)
at org.openqa.selenium.remote.service.DriverService$Builder.build(DriverService.java:437)
at org.openqa.selenium.chrome.ChromeDriverService.createDefaultService(ChromeDriverService.java:127)
at org.openqa.selenium.chrome.ChromeDriver.<init>(ChromeDriver.java:48)
at com.lexnod.GenericLib.BaseTest.openBrowser(BaseTest.java:21)
at java.base/java.util.ArrayList.forEach(ArrayList.java:1511)
... Removed 25 stack frames]]>
    </failure>
  </testcase> <!-- @BeforeClass openBrowser -->
  <testcase classname="com.lexnod.GenericLib.BaseTest" name="@AfterClass closeBrowser" time="-1.653982527714E9">
    <skipped/>
  </testcase> <!-- @AfterClass closeBrowser -->
  <testcase classname="com.lexnod.GenericLib.BaseTest" name="@BeforeClass openBrowser" time="0.017">
    <failure type="java.lang.IllegalStateException" message="The driver executable must exist: C:\Users\PRIYANKA\eclipse-workspace\lexnod\.\src\main\resources\drivers\chromedriver.exe">
      <![CDATA[java.lang.IllegalStateException: The driver executable must exist: C:\Users\PRIYANKA\eclipse-workspace\lexnod\.\src\main\resources\drivers\chromedriver.exe
at org.openqa.selenium.internal.Require$FileStateChecker.isFile(Require.java:342)
at org.openqa.selenium.remote.service.DriverService.checkExecutable(DriverService.java:147)
at org.openqa.selenium.remote.service.DriverService.findExecutable(DriverService.java:142)
at org.openqa.selenium.chrome.ChromeDriverService.access$000(ChromeDriverService.java:38)
at org.openqa.selenium.chrome.ChromeDriverService$Builder.findDefaultExecutable(ChromeDriverService.java:231)
at org.openqa.selenium.remote.service.DriverService$Builder.build(DriverService.java:437)
at org.openqa.selenium.chrome.ChromeDriverService.createDefaultService(ChromeDriverService.java:127)
at org.openqa.selenium.chrome.ChromeDriver.<init>(ChromeDriver.java:48)
at com.lexnod.GenericLib.BaseTest.openBrowser(BaseTest.java:21)
at java.base/java.util.ArrayList.forEach(ArrayList.java:1511)
... Removed 25 stack frames]]>
    </failure>
  </testcase> <!-- @BeforeClass openBrowser -->
  <testcase classname="com.lexnod.GenericLib.BaseTest" name="@AfterClass closeBrowser" time="-1.653982527749E9">
    <skipped/>
  </testcase> <!-- @AfterClass closeBrowser -->
  <testcase classname="com.lexnod.GenericLib.BaseTest" name="@BeforeClass openBrowser" time="0.015">
    <failure type="java.lang.IllegalStateException" message="The driver executable must exist: C:\Users\PRIYANKA\eclipse-workspace\lexnod\.\src\main\resources\drivers\chromedriver.exe">
      <![CDATA[java.lang.IllegalStateException: The driver executable must exist: C:\Users\PRIYANKA\eclipse-workspace\lexnod\.\src\main\resources\drivers\chromedriver.exe
at org.openqa.selenium.internal.Require$FileStateChecker.isFile(Require.java:342)
at org.openqa.selenium.remote.service.DriverService.checkExecutable(DriverService.java:147)
at org.openqa.selenium.remote.service.DriverService.findExecutable(DriverService.java:142)
at org.openqa.selenium.chrome.ChromeDriverService.access$000(ChromeDriverService.java:38)
at org.openqa.selenium.chrome.ChromeDriverService$Builder.findDefaultExecutable(ChromeDriverService.java:231)
at org.openqa.selenium.remote.service.DriverService$Builder.build(DriverService.java:437)
at org.openqa.selenium.chrome.ChromeDriverService.createDefaultService(ChromeDriverService.java:127)
at org.openqa.selenium.chrome.ChromeDriver.<init>(ChromeDriver.java:48)
at com.lexnod.GenericLib.BaseTest.openBrowser(BaseTest.java:21)
at java.base/java.util.ArrayList.forEach(ArrayList.java:1511)
... Removed 25 stack frames]]>
    </failure>
  </testcase> <!-- @BeforeClass openBrowser -->
  <testcase classname="com.lexnod.GenericLib.BaseTest" name="@AfterClass closeBrowser" time="-1.653982527777E9">
    <skipped/>
  </testcase> <!-- @AfterClass closeBrowser -->
  <testcase classname="com.lexnod.GenericLib.BaseTest" name="@BeforeClass openBrowser" time="0.028">
    <failure type="java.lang.IllegalStateException" message="The driver executable must exist: C:\Users\PRIYANKA\eclipse-workspace\lexnod\.\src\main\resources\drivers\chromedriver.exe">
      <![CDATA[java.lang.IllegalStateException: The driver executable must exist: C:\Users\PRIYANKA\eclipse-workspace\lexnod\.\src\main\resources\drivers\chromedriver.exe
at org.openqa.selenium.internal.Require$FileStateChecker.isFile(Require.java:342)
at org.openqa.selenium.remote.service.DriverService.checkExecutable(DriverService.java:147)
at org.openqa.selenium.remote.service.DriverService.findExecutable(DriverService.java:142)
at org.openqa.selenium.chrome.ChromeDriverService.access$000(ChromeDriverService.java:38)
at org.openqa.selenium.chrome.ChromeDriverService$Builder.findDefaultExecutable(ChromeDriverService.java:231)
at org.openqa.selenium.remote.service.DriverService$Builder.build(DriverService.java:437)
at org.openqa.selenium.chrome.ChromeDriverService.createDefaultService(ChromeDriverService.java:127)
at org.openqa.selenium.chrome.ChromeDriver.<init>(ChromeDriver.java:48)
at com.lexnod.GenericLib.BaseTest.openBrowser(BaseTest.java:21)
at java.base/java.util.ArrayList.forEach(ArrayList.java:1511)
... Removed 25 stack frames]]>
    </failure>
  </testcase> <!-- @BeforeClass openBrowser -->
  <testcase classname="com.lexnod.GenericLib.BaseTest" name="@AfterClass closeBrowser" time="-1.653982527819E9">
    <skipped/>
  </testcase> <!-- @AfterClass closeBrowser -->
  <testcase classname="com.lexnod.GenericLib.BaseTest" name="@BeforeClass openBrowser" time="0.012">
    <failure type="java.lang.IllegalStateException" message="The driver executable must exist: C:\Users\PRIYANKA\eclipse-workspace\lexnod\.\src\main\resources\drivers\chromedriver.exe">
      <![CDATA[java.lang.IllegalStateException: The driver executable must exist: C:\Users\PRIYANKA\eclipse-workspace\lexnod\.\src\main\resources\drivers\chromedriver.exe
at org.openqa.selenium.internal.Require$FileStateChecker.isFile(Require.java:342)
at org.openqa.selenium.remote.service.DriverService.checkExecutable(DriverService.java:147)
at org.openqa.selenium.remote.service.DriverService.findExecutable(DriverService.java:142)
at org.openqa.selenium.chrome.ChromeDriverService.access$000(ChromeDriverService.java:38)
at org.openqa.selenium.chrome.ChromeDriverService$Builder.findDefaultExecutable(ChromeDriverService.java:231)
at org.openqa.selenium.remote.service.DriverService$Builder.build(DriverService.java:437)
at org.openqa.selenium.chrome.ChromeDriverService.createDefaultService(ChromeDriverService.java:127)
at org.openqa.selenium.chrome.ChromeDriver.<init>(ChromeDriver.java:48)
at com.lexnod.GenericLib.BaseTest.openBrowser(BaseTest.java:21)
at java.base/java.util.ArrayList.forEach(ArrayList.java:1511)
... Removed 25 stack frames]]>
    </failure>
  </testcase> <!-- @BeforeClass openBrowser -->
  <testcase classname="com.lexnod.GenericLib.BaseTest" name="@AfterClass closeBrowser" time="-1.65398252786E9">
    <skipped/>
  </testcase> <!-- @AfterClass closeBrowser -->
  <testcase classname="com.lexnod.GenericLib.BaseTest" name="@BeforeClass openBrowser" time="0.009">
    <failure type="java.lang.IllegalStateException" message="The driver executable must exist: C:\Users\PRIYANKA\eclipse-workspace\lexnod\.\src\main\resources\drivers\chromedriver.exe">
      <![CDATA[java.lang.IllegalStateException: The driver executable must exist: C:\Users\PRIYANKA\eclipse-workspace\lexnod\.\src\main\resources\drivers\chromedriver.exe
at org.openqa.selenium.internal.Require$FileStateChecker.isFile(Require.java:342)
at org.openqa.selenium.remote.service.DriverService.checkExecutable(DriverService.java:147)
at org.openqa.selenium.remote.service.DriverService.findExecutable(DriverService.java:142)
at org.openqa.selenium.chrome.ChromeDriverService.access$000(ChromeDriverService.java:38)
at org.openqa.selenium.chrome.ChromeDriverService$Builder.findDefaultExecutable(ChromeDriverService.java:231)
at org.openqa.selenium.remote.service.DriverService$Builder.build(DriverService.java:437)
at org.openqa.selenium.chrome.ChromeDriverService.createDefaultService(ChromeDriverService.java:127)
at org.openqa.selenium.chrome.ChromeDriver.<init>(ChromeDriver.java:48)
at com.lexnod.GenericLib.BaseTest.openBrowser(BaseTest.java:21)
at java.base/java.util.ArrayList.forEach(ArrayList.java:1511)
... Removed 25 stack frames]]>
    </failure>
  </testcase> <!-- @BeforeClass openBrowser -->
  <testcase classname="com.lexnod.GenericLib.BaseTest" name="@AfterClass closeBrowser" time="-1.653982527914E9">
    <skipped/>
  </testcase> <!-- @AfterClass closeBrowser -->
  <testcase classname="com.lexnod.GenericLib.BaseTest" name="@BeforeClass openBrowser" time="0.009">
    <failure type="java.lang.IllegalStateException" message="The driver executable must exist: C:\Users\PRIYANKA\eclipse-workspace\lexnod\.\src\main\resources\drivers\chromedriver.exe">
      <![CDATA[java.lang.IllegalStateException: The driver executable must exist: C:\Users\PRIYANKA\eclipse-workspace\lexnod\.\src\main\resources\drivers\chromedriver.exe
at org.openqa.selenium.internal.Require$FileStateChecker.isFile(Require.java:342)
at org.openqa.selenium.remote.service.DriverService.checkExecutable(DriverService.java:147)
at org.openqa.selenium.remote.service.DriverService.findExecutable(DriverService.java:142)
at org.openqa.selenium.chrome.ChromeDriverService.access$000(ChromeDriverService.java:38)
at org.openqa.selenium.chrome.ChromeDriverService$Builder.findDefaultExecutable(ChromeDriverService.java:231)
at org.openqa.selenium.remote.service.DriverService$Builder.build(DriverService.java:437)
at org.openqa.selenium.chrome.ChromeDriverService.createDefaultService(ChromeDriverService.java:127)
at org.openqa.selenium.chrome.ChromeDriver.<init>(ChromeDriver.java:48)
at com.lexnod.GenericLib.BaseTest.openBrowser(BaseTest.java:21)
at java.base/java.util.ArrayList.forEach(ArrayList.java:1511)
... Removed 25 stack frames]]>
    </failure>
  </testcase> <!-- @BeforeClass openBrowser -->
  <testcase classname="com.lexnod.GenericLib.BaseTest" name="@AfterClass closeBrowser" time="-1.65398252795E9">
    <skipped/>
  </testcase> <!-- @AfterClass closeBrowser -->
  <testcase classname="com.lexnod.GenericLib.BaseTest" name="@BeforeClass openBrowser" time="0.01">
    <failure type="java.lang.IllegalStateException" message="The driver executable must exist: C:\Users\PRIYANKA\eclipse-workspace\lexnod\.\src\main\resources\drivers\chromedriver.exe">
      <![CDATA[java.lang.IllegalStateException: The driver executable must exist: C:\Users\PRIYANKA\eclipse-workspace\lexnod\.\src\main\resources\drivers\chromedriver.exe
at org.openqa.selenium.internal.Require$FileStateChecker.isFile(Require.java:342)
at org.openqa.selenium.remote.service.DriverService.checkExecutable(DriverService.java:147)
at org.openqa.selenium.remote.service.DriverService.findExecutable(DriverService.java:142)
at org.openqa.selenium.chrome.ChromeDriverService.access$000(ChromeDriverService.java:38)
at org.openqa.selenium.chrome.ChromeDriverService$Builder.findDefaultExecutable(ChromeDriverService.java:231)
at org.openqa.selenium.remote.service.DriverService$Builder.build(DriverService.java:437)
at org.openqa.selenium.chrome.ChromeDriverService.createDefaultService(ChromeDriverService.java:127)
at org.openqa.selenium.chrome.ChromeDriver.<init>(ChromeDriver.java:48)
at com.lexnod.GenericLib.BaseTest.openBrowser(BaseTest.java:21)
at java.base/java.util.ArrayList.forEach(ArrayList.java:1511)
... Removed 25 stack frames]]>
    </failure>
  </testcase> <!-- @BeforeClass openBrowser -->
  <testcase classname="com.lexnod.GenericLib.BaseTest" name="@AfterClass closeBrowser" time="-1.653982527987E9">
    <skipped/>
  </testcase> <!-- @AfterClass closeBrowser -->
  <testcase classname="com.lexnod.GenericLib.BaseTest" name="@BeforeClass openBrowser" time="0.022">
    <failure type="java.lang.IllegalStateException" message="The driver executable must exist: C:\Users\PRIYANKA\eclipse-workspace\lexnod\.\src\main\resources\drivers\chromedriver.exe">
      <![CDATA[java.lang.IllegalStateException: The driver executable must exist: C:\Users\PRIYANKA\eclipse-workspace\lexnod\.\src\main\resources\drivers\chromedriver.exe
at org.openqa.selenium.internal.Require$FileStateChecker.isFile(Require.java:342)
at org.openqa.selenium.remote.service.DriverService.checkExecutable(DriverService.java:147)
at org.openqa.selenium.remote.service.DriverService.findExecutable(DriverService.java:142)
at org.openqa.selenium.chrome.ChromeDriverService.access$000(ChromeDriverService.java:38)
at org.openqa.selenium.chrome.ChromeDriverService$Builder.findDefaultExecutable(ChromeDriverService.java:231)
at org.openqa.selenium.remote.service.DriverService$Builder.build(DriverService.java:437)
at org.openqa.selenium.chrome.ChromeDriverService.createDefaultService(ChromeDriverService.java:127)
at org.openqa.selenium.chrome.ChromeDriver.<init>(ChromeDriver.java:48)
at com.lexnod.GenericLib.BaseTest.openBrowser(BaseTest.java:21)
at java.base/java.util.ArrayList.forEach(ArrayList.java:1511)
... Removed 25 stack frames]]>
    </failure>
  </testcase> <!-- @BeforeClass openBrowser -->
  <testcase classname="com.lexnod.GenericLib.BaseTest" name="@AfterClass closeBrowser" time="-1.653982528022E9">
    <skipped/>
  </testcase> <!-- @AfterClass closeBrowser -->
  <testcase classname="com.lexnod.quotes.VerifyQuotesTab" name="verifyQuotesTabTest" time="0.0">
    <skipped/>
  </testcase> <!-- verifyQuotesTabTest -->
  <testcase classname="com.lexnod.Dsahboards.VerifyDashboardsTab" name="verifyDashboardsTabTest" time="0.0">
    <skipped/>
  </testcase> <!-- verifyDashboardsTabTest -->
  <testcase classname="com.lexnod.Accounts.VerifyAccountsTab" name="verifyAccountsTabTest" time="0.0">
    <skipped/>
  </testcase> <!-- verifyAccountsTabTest -->
  <testcase classname="com.lexnod.Reports.VerifyReportsTab" name="verifyReportsTabTest" time="0.0">
    <skipped/>
  </testcase> <!-- verifyReportsTabTest -->
  <testcase classname="com.lexnod.Forecasts.VerifyForecastsTab" name="verifyForecastsTabTest" time="0.0">
    <skipped/>
  </testcase> <!-- verifyForecastsTabTest -->
  <testcase classname="com.lexnod.Potentials.VerifyPotentialsTab" name="verifyPotentialstabTest" time="0.0">
    <skipped/>
  </testcase> <!-- verifyPotentialstabTest -->
  <testcase classname="com.lexnod.leads.VerifyLeadsTab" name="verifyLeadsTabtest" time="0.0">
    <skipped/>
  </testcase> <!-- verifyLeadsTabtest -->
  <testcase classname="com.lexnod.leads.CreateNewLead" name="createNewLeadTest" time="0.0">
    <skipped/>
  </testcase> <!-- createNewLeadTest -->
  <testcase classname="com.lexnod.Campaigns.VerifyCampaignsTab" name="verifyCampaignsTabTest" time="0.0">
    <skipped/>
  </testcase> <!-- verifyCampaignsTabTest -->
  <testcase classname="com.lexnod.Contacts.VerifyContactsTab" name="verifyContactsTabTest" time="0.0">
    <skipped/>
  </testcase> <!-- verifyContactsTabTest -->
  <testcase classname="com.lexnod.login.ValidLogin" name="validLoginTest" time="0.0">
    <skipped/>
  </testcase> <!-- validLoginTest -->
</testsuite> <!-- Lexnod Test -->
